<?xml version="1.0" encoding="utf-8"?><testsuites name="pytest tests"><testsuite name="pytest" errors="0" failures="0" skipped="0" tests="9" time="3.258" timestamp="2026-01-13T16:44:30.595366+00:00" hostname="agent-env-14e83579-1e08-4f93-ac4b-4b1be1a3c45e"><testcase classname="tests.test_formateurs.TestAuth" name="test_login_success" time="0.301" /><testcase classname="tests.test_formateurs.TestFormateurs" name="test_get_formateurs_list" time="0.301" /><testcase classname="tests.test_formateurs.TestFormateurs" name="test_create_formateur_minimal" time="0.343" /><testcase classname="tests.test_formateurs.TestFormateurs" name="test_create_formateur_full" time="0.380" /><testcase classname="tests.test_formateurs.TestFormateurs" name="test_create_formateur_duplicate_email" time="0.381" /><testcase classname="tests.test_formateurs.TestFormateurs" name="test_update_formateur" time="0.418" /><testcase classname="tests.test_formateurs.TestFormateurs" name="test_delete_formateur" time="0.416" /><testcase classname="tests.test_formateurs.TestFormateurs" name="test_get_formateur_not_found" time="0.294" /><testcase classname="tests.test_formateurs.TestFormateurs" name="test_unauthorized_access" time="0.302" /></testsuite></testsuites>