<?xml version="1.0" encoding="utf-8"?><testsuites name="pytest tests"><testsuite name="pytest" errors="0" failures="0" skipped="0" tests="13" time="3.750" timestamp="2026-01-13T17:13:10.610356+00:00" hostname="agent-env-bebc11b3-652f-46b0-80bf-8c5092badc86"><testcase classname="tests.test_formateurs.TestFormateursCRUD" name="test_01_authentication_works" time="0.316" /><testcase classname="tests.test_formateurs.TestFormateursCRUD" name="test_02_get_formateurs_list" time="0.269" /><testcase classname="tests.test_formateurs.TestFormateursCRUD" name="test_03_create_formateur_basic" time="0.315" /><testcase classname="tests.test_formateurs.TestFormateursCRUD" name="test_04_create_formateur_duplicate_email" time="0.343" /><testcase classname="tests.test_formateurs.TestFormateursCRUD" name="test_05_get_formateur_by_id" time="0.315" /><testcase classname="tests.test_formateurs.TestFormateursCRUD" name="test_06_get_formateur_not_found" time="0.268" /><testcase classname="tests.test_formateurs.TestFormateursCRUD" name="test_07_update_formateur" time="0.398" /><testcase classname="tests.test_formateurs.TestFormateursCRUD" name="test_08_update_formateur_not_found" time="0.339" /><testcase classname="tests.test_formateurs.TestFormateursCRUD" name="test_09_delete_formateur" time="0.403" /><testcase classname="tests.test_formateurs.TestFormateursCRUD" name="test_10_delete_formateur_not_found" time="0.282" /><testcase classname="tests.test_formateurs.TestFormateursCRUD" name="test_11_get_existing_formateur" time="0.307" /><testcase classname="tests.test_formateurs.TestFormateursAccessControl" name="test_unauthorized_access_get_list" time="0.033" /><testcase classname="tests.test_formateurs.TestFormateursAccessControl" name="test_unauthorized_access_create" time="0.034" /></testsuite></testsuites>