<?xml version="1.0" encoding="utf-8"?><testsuites name="pytest tests"><testsuite name="pytest" errors="0" failures="0" skipped="0" tests="18" time="6.560" timestamp="2026-03-03T13:34:29.163408+00:00" hostname="agent-env-097b8ecc-3180-4517-8c87-25b61161e968"><testcase classname="backend.tests.test_meetings.TestMeetingAPIs" name="test_admin_login" time="0.410" /><testcase classname="backend.tests.test_meetings.TestMeetingAPIs" name="test_gestionnaire_login" time="0.351" /><testcase classname="backend.tests.test_meetings.TestMeetingAPIs" name="test_client_login" time="0.371" /><testcase classname="backend.tests.test_meetings.TestMeetingAPIs" name="test_get_meetings_admin" time="0.478" /><testcase classname="backend.tests.test_meetings.TestMeetingAPIs" name="test_get_meetings_gestionnaire" time="0.456" /><testcase classname="backend.tests.test_meetings.TestMeetingAPIs" name="test_get_meetings_client" time="0.482" /><testcase classname="backend.tests.test_meetings.TestMeetingAPIs" name="test_get_meetings_unauthenticated" time="0.108" /><testcase classname="backend.tests.test_meetings.TestMeetingAPIs" name="test_create_meeting_admin" time="2.287" /><testcase classname="backend.tests.test_meetings.TestMeetingAPIs" name="test_create_meeting_gestionnaire_forbidden" time="0.165" /><testcase classname="backend.tests.test_meetings.TestMeetingAPIs" name="test_create_meeting_missing_fields" time="0.128" /><testcase classname="backend.tests.test_meetings.TestMeetingAPIs" name="test_update_meeting_admin" time="0.110" /><testcase classname="backend.tests.test_meetings.TestMeetingAPIs" name="test_update_meeting_gestionnaire_forbidden" time="0.114" /><testcase classname="backend.tests.test_meetings.TestMeetingAPIs" name="test_respond_meeting_admin_forbidden" time="0.126" /><testcase classname="backend.tests.test_meetings.TestMeetingAPIs" name="test_get_single_meeting_admin" time="0.110" /><testcase classname="backend.tests.test_meetings.TestMeetingAPIs" name="test_get_nonexistent_meeting" time="0.104" /><testcase classname="backend.tests.test_meetings.TestMeetingAPIs" name="test_delete_meeting_gestionnaire_forbidden" time="0.272" /><testcase classname="backend.tests.test_meetings.TestMeetingAPIs" name="test_delete_meeting_admin" time="0.244" /><testcase classname="backend.tests.test_meetings.TestMeetingAPIs" name="test_delete_nonexistent_meeting" time="0.126" /></testsuite></testsuites>