<?xml version="1.0" encoding="utf-8"?><testsuites name="pytest tests"><testsuite name="pytest" errors="0" failures="0" skipped="0" tests="14" time="4.977" timestamp="2026-03-28T03:03:26.046547+00:00" hostname="agent-env-516633f3-a11b-49b5-9e88-718dc2b62bdb"><testcase classname="backend.tests.test_formation_documents.TestDocumentDownload" name="test_get_programme_returns_200_and_pdf" time="0.478" /><testcase classname="backend.tests.test_formation_documents.TestDocumentDownload" name="test_get_contrat_returns_200_and_pdf" time="0.421" /><testcase classname="backend.tests.test_formation_documents.TestDocumentDownload" name="test_get_programme_unauthenticated_returns_401" time="0.119" /><testcase classname="backend.tests.test_formation_documents.TestDocumentDownload" name="test_get_contrat_unauthenticated_returns_401" time="0.131" /><testcase classname="backend.tests.test_formation_documents.TestFormationSignatures" name="test_get_formation_signatures_returns_200" time="0.388" /><testcase classname="backend.tests.test_formation_documents.TestFormationSignatures" name="test_get_formation_signatures_unauthenticated_returns_401" time="0.111" /><testcase classname="backend.tests.test_formation_documents.TestFormationSignatures" name="test_get_formation_signatures_admin_can_view" time="0.407" /><testcase classname="backend.tests.test_formation_documents.TestSignDocument" name="test_sign_programme_success" time="0.398" /><testcase classname="backend.tests.test_formation_documents.TestSignDocument" name="test_sign_contrat_success" time="0.391" /><testcase classname="backend.tests.test_formation_documents.TestSignDocument" name="test_sign_invalid_document_type_returns_400" time="0.399" /><testcase classname="backend.tests.test_formation_documents.TestSignDocument" name="test_sign_document_unauthenticated_returns_401" time="0.129" /><testcase classname="backend.tests.test_formation_documents.TestSignDocument" name="test_verify_signatures_persisted" time="0.421" /><testcase classname="backend.tests.test_formation_documents.TestSignDocumentEdgeCases" name="test_sign_nonexistent_student_returns_404" time="0.714" /><testcase classname="backend.tests.test_formation_documents.TestSignDocumentEdgeCases" name="test_get_signatures_nonexistent_student_returns_404" time="0.395" /></testsuite></testsuites>