<?xml version="1.0" encoding="utf-8"?><testsuites name="pytest tests"><testsuite name="pytest" errors="0" failures="0" skipped="0" tests="16" time="3.080" timestamp="2026-03-28T01:55:58.341194+00:00" hostname="agent-env-516633f3-a11b-49b5-9e88-718dc2b62bdb"><testcase classname="backend.tests.test_pedagogical_resources.TestPedagogicalResourcesAPI" name="test_get_resources_excel_student_returns_has_resources_true" time="0.521" /><testcase classname="backend.tests.test_pedagogical_resources.TestPedagogicalResourcesAPI" name="test_get_resources_admin_can_view_student_resources" time="0.456" /><testcase classname="backend.tests.test_pedagogical_resources.TestPedagogicalResourcesAPI" name="test_get_resources_informatique_student_returns_resources" time="0.103" /><testcase classname="backend.tests.test_pedagogical_resources.TestPedagogicalResourcesAPI" name="test_get_resources_nonexistent_student_returns_404" time="0.118" /><testcase classname="backend.tests.test_pedagogical_resources.TestPedagogicalResourcesAPI" name="test_get_resources_unauthenticated_returns_401_or_403" time="0.105" /><testcase classname="backend.tests.test_pedagogical_resources.TestPedagogicalResourcesAPI" name="test_get_resources_student_cannot_view_other_student" time="0.116" /><testcase classname="backend.tests.test_pedagogical_resources.TestPedagogicalResourcesAPI" name="test_unlock_resource_admin_can_unlock" time="0.114" /><testcase classname="backend.tests.test_pedagogical_resources.TestPedagogicalResourcesAPI" name="test_unlock_resource_already_unlocked" time="0.113" /><testcase classname="backend.tests.test_pedagogical_resources.TestPedagogicalResourcesAPI" name="test_unlock_resource_student_cannot_unlock" time="0.141" /><testcase classname="backend.tests.test_pedagogical_resources.TestPedagogicalResourcesAPI" name="test_unlock_nonexistent_resource_returns_404" time="0.109" /><testcase classname="backend.tests.test_pedagogical_resources.TestPedagogicalResourcesAPI" name="test_lock_resource_admin_can_lock" time="0.139" /><testcase classname="backend.tests.test_pedagogical_resources.TestPedagogicalResourcesAPI" name="test_lock_resource_student_cannot_lock" time="0.127" /><testcase classname="backend.tests.test_pedagogical_resources.TestPedagogicalResourcesAPI" name="test_unlock_then_verify_in_get" time="0.285" /><testcase classname="backend.tests.test_pedagogical_resources.TestPedagogicalResourcesAPI" name="test_lock_then_verify_in_get" time="0.241" /><testcase classname="backend.tests.test_pedagogical_resources.TestPedagogicalResourcesAPI" name="test_download_locked_resource_student_returns_403" time="0.135" /><testcase classname="backend.tests.test_pedagogical_resources.TestPedagogicalResourcesAPI" name="test_download_admin_can_always_download" time="0.185" /></testsuite></testsuites>