<?xml version="1.0" encoding="utf-8"?><testsuites name="pytest tests"><testsuite name="pytest" errors="14" failures="3" skipped="0" tests="18" time="2.474" timestamp="2026-03-03T13:33:47.561079+00:00" hostname="agent-env-097b8ecc-3180-4517-8c87-25b61161e968"><testcase classname="backend.tests.test_meetings.TestMeetingAPIs" name="test_admin_login" time="0.470"><failure message="AssertionError: assert 'token' in {'access_token': 'eyJhbGciOiJIUzI1NiIsInR5cCI6IkpXVCJ9.eyJzdWIiOiI3NjJkNjdlZS05NmQwLTQ0YjktODZhZi00NWZhOTgyMzM2NzYiLCJleHAiOjE3NzMxNDk2Mjh9.1WSUjk4SDZ2B_Fsrabkz1KpdEZxZriLMPwUWIYRSkww', 'token_type': 'bearer', 'user': {'client_id': '8ba6046d-7aa8-496a-b28a-37c366f101ae', 'client_name': 'Test Email Client', 'created_at': '2025-10-14T22:07:47.011955Z', 'credit_hours': 0.0, ...}}">backend/tests/test_meetings.py:101: in test_admin_login
    assert "token" in data
E   AssertionError: assert 'token' in {'access_token': 'eyJhbGciOiJIUzI1NiIsInR5cCI6IkpXVCJ9.eyJzdWIiOiI3NjJkNjdlZS05NmQwLTQ0YjktODZhZi00NWZhOTgyMzM2NzYiLCJleHAiOjE3NzMxNDk2Mjh9.1WSUjk4SDZ2B_Fsrabkz1KpdEZxZriLMPwUWIYRSkww', 'token_type': 'bearer', 'user': {'client_id': '8ba6046d-7aa8-496a-b28a-37c366f101ae', 'client_name': 'Test Email Client', 'created_at': '2025-10-14T22:07:47.011955Z', 'credit_hours': 0.0, ...}}</failure></testcase><testcase classname="backend.tests.test_meetings.TestMeetingAPIs" name="test_gestionnaire_login" time="0.325"><failure message="AssertionError: assert 'token' in {'access_token': 'eyJhbGciOiJIUzI1NiIsInR5cCI6IkpXVCJ9.eyJzdWIiOiJkYjM0MmRiZC1jMGM2LTQ5NTUtOTVmMy00MzE1ZThmYjE0MmMiLCJleHAiOjE3NzMxNDk2Mjh9.-_MgCo5in3_mmHCbDbAiyJD5m4wLvT7fU41c5biNvSU', 'token_type': 'bearer', 'user': {'client_id': '935fdd80-5ef1-4745-9809-4bd6d06b3c92', 'client_name': 'Zepartner', 'created_at': '2026-03-03T13:33:48.480214Z', 'credit_hours': 0.0, ...}}">backend/tests/test_meetings.py:114: in test_gestionnaire_login
    assert "token" in data
E   AssertionError: assert 'token' in {'access_token': 'eyJhbGciOiJIUzI1NiIsInR5cCI6IkpXVCJ9.eyJzdWIiOiJkYjM0MmRiZC1jMGM2LTQ5NTUtOTVmMy00MzE1ZThmYjE0MmMiLCJleHAiOjE3NzMxNDk2Mjh9.-_MgCo5in3_mmHCbDbAiyJD5m4wLvT7fU41c5biNvSU', 'token_type': 'bearer', 'user': {'client_id': '935fdd80-5ef1-4745-9809-4bd6d06b3c92', 'client_name': 'Zepartner', 'created_at': '2026-03-03T13:33:48.480214Z', 'credit_hours': 0.0, ...}}</failure></testcase><testcase classname="backend.tests.test_meetings.TestMeetingAPIs" name="test_client_login" time="0.336"><failure message="AssertionError: assert 'token' in {'access_token': 'eyJhbGciOiJIUzI1NiIsInR5cCI6IkpXVCJ9.eyJzdWIiOiI0N2YxZjlhYy02ZjU2LTRhZDUtYjU0OC02ODg2OWU1MjY4ZDkiLCJleHAiOjE3NzMxNDk2Mjh9.0ZN5GT5dYBG-ZRcZQezPJkRGeuI33aH0dAoOt_XHtto', 'token_type': 'bearer', 'user': {'client_id': 'b02fee44-aa79-462b-8d68-5981a1e79bfe', 'client_name': 'TestSociété Demo', 'created_at': '2026-02-22T14:36:52.087000', 'credit_hours': 0.0, ...}}">backend/tests/test_meetings.py:127: in test_client_login
    assert "token" in data
E   AssertionError: assert 'token' in {'access_token': 'eyJhbGciOiJIUzI1NiIsInR5cCI6IkpXVCJ9.eyJzdWIiOiI0N2YxZjlhYy02ZjU2LTRhZDUtYjU0OC02ODg2OWU1MjY4ZDkiLCJleHAiOjE3NzMxNDk2Mjh9.0ZN5GT5dYBG-ZRcZQezPJkRGeuI33aH0dAoOt_XHtto', 'token_type': 'bearer', 'user': {'client_id': 'b02fee44-aa79-462b-8d68-5981a1e79bfe', 'client_name': 'TestSociété Demo', 'created_at': '2026-02-22T14:36:52.087000', 'credit_hours': 0.0, ...}}</failure></testcase><testcase classname="backend.tests.test_meetings.TestMeetingAPIs" name="test_get_meetings_admin" time="0.337"><error message="failed on setup with &quot;AssertionError: No token in admin login response&#10;assert 'token' in {'access_token': 'eyJhbGciOiJIUzI1NiIsInR5cCI6IkpXVCJ9.eyJzdWIiOiI3NjJkNjdlZS05NmQwLTQ0YjktODZhZi00NWZhOTgyMzM2NzYiLCJleHAiOjE3NzMxNDk2Mjl9.HU7v0wZWSrE5PD__lOtGs8FlmpU_HbFBK3wOJt1LRR0', 'token_type': 'bearer', 'user': {'client_id': '8ba6046d-7aa8-496a-b28a-37c366f101ae', 'client_name': 'Test Email Client', 'created_at': '2025-10-14T22:07:47.011955Z', 'credit_hours': 0.0, ...}}&quot;">backend/tests/test_meetings.py:33: in admin_token
    assert "token" in data, "No token in admin login response"
E   AssertionError: No token in admin login response
E   assert 'token' in {'access_token': 'eyJhbGciOiJIUzI1NiIsInR5cCI6IkpXVCJ9.eyJzdWIiOiI3NjJkNjdlZS05NmQwLTQ0YjktODZhZi00NWZhOTgyMzM2NzYiLCJleHAiOjE3NzMxNDk2Mjl9.HU7v0wZWSrE5PD__lOtGs8FlmpU_HbFBK3wOJt1LRR0', 'token_type': 'bearer', 'user': {'client_id': '8ba6046d-7aa8-496a-b28a-37c366f101ae', 'client_name': 'Test Email Client', 'created_at': '2025-10-14T22:07:47.011955Z', 'credit_hours': 0.0, ...}}</error></testcase><testcase classname="backend.tests.test_meetings.TestMeetingAPIs" name="test_get_meetings_gestionnaire" time="0.328"><error message="failed on setup with &quot;AssertionError: No token in gestionnaire login response&#10;assert 'token' in {'access_token': 'eyJhbGciOiJIUzI1NiIsInR5cCI6IkpXVCJ9.eyJzdWIiOiJkYjM0MmRiZC1jMGM2LTQ5NTUtOTVmMy00MzE1ZThmYjE0MmMiLCJleHAiOjE3NzMxNDk2Mjl9.t3t9Z8CzhkleG6a0pVKPpCtpLgqA4KQmr9f1PZq5IeI', 'token_type': 'bearer', 'user': {'client_id': '935fdd80-5ef1-4745-9809-4bd6d06b3c92', 'client_name': 'Zepartner', 'created_at': '2026-03-03T13:33:49.495356Z', 'credit_hours': 0.0, ...}}&quot;">backend/tests/test_meetings.py:45: in gestionnaire_token
    assert "token" in data, "No token in gestionnaire login response"
E   AssertionError: No token in gestionnaire login response
E   assert 'token' in {'access_token': 'eyJhbGciOiJIUzI1NiIsInR5cCI6IkpXVCJ9.eyJzdWIiOiJkYjM0MmRiZC1jMGM2LTQ5NTUtOTVmMy00MzE1ZThmYjE0MmMiLCJleHAiOjE3NzMxNDk2Mjl9.t3t9Z8CzhkleG6a0pVKPpCtpLgqA4KQmr9f1PZq5IeI', 'token_type': 'bearer', 'user': {'client_id': '935fdd80-5ef1-4745-9809-4bd6d06b3c92', 'client_name': 'Zepartner', 'created_at': '2026-03-03T13:33:49.495356Z', 'credit_hours': 0.0, ...}}</error></testcase><testcase classname="backend.tests.test_meetings.TestMeetingAPIs" name="test_get_meetings_client" time="0.335"><error message="failed on setup with &quot;AssertionError: No token in client login response&#10;assert 'token' in {'access_token': 'eyJhbGciOiJIUzI1NiIsInR5cCI6IkpXVCJ9.eyJzdWIiOiI0N2YxZjlhYy02ZjU2LTRhZDUtYjU0OC02ODg2OWU1MjY4ZDkiLCJleHAiOjE3NzMxNDk2Mjl9.gksnrUK6HB6IP2sx4XChRLHfQ0vWhEB_0GpiY5mKJik', 'token_type': 'bearer', 'user': {'client_id': 'b02fee44-aa79-462b-8d68-5981a1e79bfe', 'client_name': 'TestSociété Demo', 'created_at': '2026-02-22T14:36:52.087000', 'credit_hours': 0.0, ...}}&quot;">backend/tests/test_meetings.py:57: in client_token
    assert "token" in data, "No token in client login response"
E   AssertionError: No token in client login response
E   assert 'token' in {'access_token': 'eyJhbGciOiJIUzI1NiIsInR5cCI6IkpXVCJ9.eyJzdWIiOiI0N2YxZjlhYy02ZjU2LTRhZDUtYjU0OC02ODg2OWU1MjY4ZDkiLCJleHAiOjE3NzMxNDk2Mjl9.gksnrUK6HB6IP2sx4XChRLHfQ0vWhEB_0GpiY5mKJik', 'token_type': 'bearer', 'user': {'client_id': 'b02fee44-aa79-462b-8d68-5981a1e79bfe', 'client_name': 'TestSociété Demo', 'created_at': '2026-02-22T14:36:52.087000', 'credit_hours': 0.0, ...}}</error></testcase><testcase classname="backend.tests.test_meetings.TestMeetingAPIs" name="test_get_meetings_unauthenticated" time="0.133" /><testcase classname="backend.tests.test_meetings.TestMeetingAPIs" name="test_create_meeting_admin" time="0.000"><error message="failed on setup with &quot;AssertionError: No token in admin login response&#10;assert 'token' in {'access_token': 'eyJhbGciOiJIUzI1NiIsInR5cCI6IkpXVCJ9.eyJzdWIiOiI3NjJkNjdlZS05NmQwLTQ0YjktODZhZi00NWZhOTgyMzM2NzYiLCJleHAiOjE3NzMxNDk2Mjl9.HU7v0wZWSrE5PD__lOtGs8FlmpU_HbFBK3wOJt1LRR0', 'token_type': 'bearer', 'user': {'client_id': '8ba6046d-7aa8-496a-b28a-37c366f101ae', 'client_name': 'Test Email Client', 'created_at': '2025-10-14T22:07:47.011955Z', 'credit_hours': 0.0, ...}}&quot;">backend/tests/test_meetings.py:33: in admin_token
    assert "token" in data, "No token in admin login response"
E   AssertionError: No token in admin login response
E   assert 'token' in {'access_token': 'eyJhbGciOiJIUzI1NiIsInR5cCI6IkpXVCJ9.eyJzdWIiOiI3NjJkNjdlZS05NmQwLTQ0YjktODZhZi00NWZhOTgyMzM2NzYiLCJleHAiOjE3NzMxNDk2Mjl9.HU7v0wZWSrE5PD__lOtGs8FlmpU_HbFBK3wOJt1LRR0', 'token_type': 'bearer', 'user': {'client_id': '8ba6046d-7aa8-496a-b28a-37c366f101ae', 'client_name': 'Test Email Client', 'created_at': '2025-10-14T22:07:47.011955Z', 'credit_hours': 0.0, ...}}</error></testcase><testcase classname="backend.tests.test_meetings.TestMeetingAPIs" name="test_create_meeting_gestionnaire_forbidden" time="0.000"><error message="failed on setup with &quot;AssertionError: No token in gestionnaire login response&#10;assert 'token' in {'access_token': 'eyJhbGciOiJIUzI1NiIsInR5cCI6IkpXVCJ9.eyJzdWIiOiJkYjM0MmRiZC1jMGM2LTQ5NTUtOTVmMy00MzE1ZThmYjE0MmMiLCJleHAiOjE3NzMxNDk2Mjl9.t3t9Z8CzhkleG6a0pVKPpCtpLgqA4KQmr9f1PZq5IeI', 'token_type': 'bearer', 'user': {'client_id': '935fdd80-5ef1-4745-9809-4bd6d06b3c92', 'client_name': 'Zepartner', 'created_at': '2026-03-03T13:33:49.495356Z', 'credit_hours': 0.0, ...}}&quot;">backend/tests/test_meetings.py:45: in gestionnaire_token
    assert "token" in data, "No token in gestionnaire login response"
E   AssertionError: No token in gestionnaire login response
E   assert 'token' in {'access_token': 'eyJhbGciOiJIUzI1NiIsInR5cCI6IkpXVCJ9.eyJzdWIiOiJkYjM0MmRiZC1jMGM2LTQ5NTUtOTVmMy00MzE1ZThmYjE0MmMiLCJleHAiOjE3NzMxNDk2Mjl9.t3t9Z8CzhkleG6a0pVKPpCtpLgqA4KQmr9f1PZq5IeI', 'token_type': 'bearer', 'user': {'client_id': '935fdd80-5ef1-4745-9809-4bd6d06b3c92', 'client_name': 'Zepartner', 'created_at': '2026-03-03T13:33:49.495356Z', 'credit_hours': 0.0, ...}}</error></testcase><testcase classname="backend.tests.test_meetings.TestMeetingAPIs" name="test_create_meeting_missing_fields" time="0.000"><error message="failed on setup with &quot;AssertionError: No token in admin login response&#10;assert 'token' in {'access_token': 'eyJhbGciOiJIUzI1NiIsInR5cCI6IkpXVCJ9.eyJzdWIiOiI3NjJkNjdlZS05NmQwLTQ0YjktODZhZi00NWZhOTgyMzM2NzYiLCJleHAiOjE3NzMxNDk2Mjl9.HU7v0wZWSrE5PD__lOtGs8FlmpU_HbFBK3wOJt1LRR0', 'token_type': 'bearer', 'user': {'client_id': '8ba6046d-7aa8-496a-b28a-37c366f101ae', 'client_name': 'Test Email Client', 'created_at': '2025-10-14T22:07:47.011955Z', 'credit_hours': 0.0, ...}}&quot;">backend/tests/test_meetings.py:33: in admin_token
    assert "token" in data, "No token in admin login response"
E   AssertionError: No token in admin login response
E   assert 'token' in {'access_token': 'eyJhbGciOiJIUzI1NiIsInR5cCI6IkpXVCJ9.eyJzdWIiOiI3NjJkNjdlZS05NmQwLTQ0YjktODZhZi00NWZhOTgyMzM2NzYiLCJleHAiOjE3NzMxNDk2Mjl9.HU7v0wZWSrE5PD__lOtGs8FlmpU_HbFBK3wOJt1LRR0', 'token_type': 'bearer', 'user': {'client_id': '8ba6046d-7aa8-496a-b28a-37c366f101ae', 'client_name': 'Test Email Client', 'created_at': '2025-10-14T22:07:47.011955Z', 'credit_hours': 0.0, ...}}</error></testcase><testcase classname="backend.tests.test_meetings.TestMeetingAPIs" name="test_update_meeting_admin" time="0.000"><error message="failed on setup with &quot;AssertionError: No token in admin login response&#10;assert 'token' in {'access_token': 'eyJhbGciOiJIUzI1NiIsInR5cCI6IkpXVCJ9.eyJzdWIiOiI3NjJkNjdlZS05NmQwLTQ0YjktODZhZi00NWZhOTgyMzM2NzYiLCJleHAiOjE3NzMxNDk2Mjl9.HU7v0wZWSrE5PD__lOtGs8FlmpU_HbFBK3wOJt1LRR0', 'token_type': 'bearer', 'user': {'client_id': '8ba6046d-7aa8-496a-b28a-37c366f101ae', 'client_name': 'Test Email Client', 'created_at': '2025-10-14T22:07:47.011955Z', 'credit_hours': 0.0, ...}}&quot;">backend/tests/test_meetings.py:33: in admin_token
    assert "token" in data, "No token in admin login response"
E   AssertionError: No token in admin login response
E   assert 'token' in {'access_token': 'eyJhbGciOiJIUzI1NiIsInR5cCI6IkpXVCJ9.eyJzdWIiOiI3NjJkNjdlZS05NmQwLTQ0YjktODZhZi00NWZhOTgyMzM2NzYiLCJleHAiOjE3NzMxNDk2Mjl9.HU7v0wZWSrE5PD__lOtGs8FlmpU_HbFBK3wOJt1LRR0', 'token_type': 'bearer', 'user': {'client_id': '8ba6046d-7aa8-496a-b28a-37c366f101ae', 'client_name': 'Test Email Client', 'created_at': '2025-10-14T22:07:47.011955Z', 'credit_hours': 0.0, ...}}</error></testcase><testcase classname="backend.tests.test_meetings.TestMeetingAPIs" name="test_update_meeting_gestionnaire_forbidden" time="0.000"><error message="failed on setup with &quot;AssertionError: No token in gestionnaire login response&#10;assert 'token' in {'access_token': 'eyJhbGciOiJIUzI1NiIsInR5cCI6IkpXVCJ9.eyJzdWIiOiJkYjM0MmRiZC1jMGM2LTQ5NTUtOTVmMy00MzE1ZThmYjE0MmMiLCJleHAiOjE3NzMxNDk2Mjl9.t3t9Z8CzhkleG6a0pVKPpCtpLgqA4KQmr9f1PZq5IeI', 'token_type': 'bearer', 'user': {'client_id': '935fdd80-5ef1-4745-9809-4bd6d06b3c92', 'client_name': 'Zepartner', 'created_at': '2026-03-03T13:33:49.495356Z', 'credit_hours': 0.0, ...}}&quot;">backend/tests/test_meetings.py:45: in gestionnaire_token
    assert "token" in data, "No token in gestionnaire login response"
E   AssertionError: No token in gestionnaire login response
E   assert 'token' in {'access_token': 'eyJhbGciOiJIUzI1NiIsInR5cCI6IkpXVCJ9.eyJzdWIiOiJkYjM0MmRiZC1jMGM2LTQ5NTUtOTVmMy00MzE1ZThmYjE0MmMiLCJleHAiOjE3NzMxNDk2Mjl9.t3t9Z8CzhkleG6a0pVKPpCtpLgqA4KQmr9f1PZq5IeI', 'token_type': 'bearer', 'user': {'client_id': '935fdd80-5ef1-4745-9809-4bd6d06b3c92', 'client_name': 'Zepartner', 'created_at': '2026-03-03T13:33:49.495356Z', 'credit_hours': 0.0, ...}}</error></testcase><testcase classname="backend.tests.test_meetings.TestMeetingAPIs" name="test_respond_meeting_admin_forbidden" time="0.000"><error message="failed on setup with &quot;AssertionError: No token in admin login response&#10;assert 'token' in {'access_token': 'eyJhbGciOiJIUzI1NiIsInR5cCI6IkpXVCJ9.eyJzdWIiOiI3NjJkNjdlZS05NmQwLTQ0YjktODZhZi00NWZhOTgyMzM2NzYiLCJleHAiOjE3NzMxNDk2Mjl9.HU7v0wZWSrE5PD__lOtGs8FlmpU_HbFBK3wOJt1LRR0', 'token_type': 'bearer', 'user': {'client_id': '8ba6046d-7aa8-496a-b28a-37c366f101ae', 'client_name': 'Test Email Client', 'created_at': '2025-10-14T22:07:47.011955Z', 'credit_hours': 0.0, ...}}&quot;">backend/tests/test_meetings.py:33: in admin_token
    assert "token" in data, "No token in admin login response"
E   AssertionError: No token in admin login response
E   assert 'token' in {'access_token': 'eyJhbGciOiJIUzI1NiIsInR5cCI6IkpXVCJ9.eyJzdWIiOiI3NjJkNjdlZS05NmQwLTQ0YjktODZhZi00NWZhOTgyMzM2NzYiLCJleHAiOjE3NzMxNDk2Mjl9.HU7v0wZWSrE5PD__lOtGs8FlmpU_HbFBK3wOJt1LRR0', 'token_type': 'bearer', 'user': {'client_id': '8ba6046d-7aa8-496a-b28a-37c366f101ae', 'client_name': 'Test Email Client', 'created_at': '2025-10-14T22:07:47.011955Z', 'credit_hours': 0.0, ...}}</error></testcase><testcase classname="backend.tests.test_meetings.TestMeetingAPIs" name="test_get_single_meeting_admin" time="0.000"><error message="failed on setup with &quot;AssertionError: No token in admin login response&#10;assert 'token' in {'access_token': 'eyJhbGciOiJIUzI1NiIsInR5cCI6IkpXVCJ9.eyJzdWIiOiI3NjJkNjdlZS05NmQwLTQ0YjktODZhZi00NWZhOTgyMzM2NzYiLCJleHAiOjE3NzMxNDk2Mjl9.HU7v0wZWSrE5PD__lOtGs8FlmpU_HbFBK3wOJt1LRR0', 'token_type': 'bearer', 'user': {'client_id': '8ba6046d-7aa8-496a-b28a-37c366f101ae', 'client_name': 'Test Email Client', 'created_at': '2025-10-14T22:07:47.011955Z', 'credit_hours': 0.0, ...}}&quot;">backend/tests/test_meetings.py:33: in admin_token
    assert "token" in data, "No token in admin login response"
E   AssertionError: No token in admin login response
E   assert 'token' in {'access_token': 'eyJhbGciOiJIUzI1NiIsInR5cCI6IkpXVCJ9.eyJzdWIiOiI3NjJkNjdlZS05NmQwLTQ0YjktODZhZi00NWZhOTgyMzM2NzYiLCJleHAiOjE3NzMxNDk2Mjl9.HU7v0wZWSrE5PD__lOtGs8FlmpU_HbFBK3wOJt1LRR0', 'token_type': 'bearer', 'user': {'client_id': '8ba6046d-7aa8-496a-b28a-37c366f101ae', 'client_name': 'Test Email Client', 'created_at': '2025-10-14T22:07:47.011955Z', 'credit_hours': 0.0, ...}}</error></testcase><testcase classname="backend.tests.test_meetings.TestMeetingAPIs" name="test_get_nonexistent_meeting" time="0.000"><error message="failed on setup with &quot;AssertionError: No token in admin login response&#10;assert 'token' in {'access_token': 'eyJhbGciOiJIUzI1NiIsInR5cCI6IkpXVCJ9.eyJzdWIiOiI3NjJkNjdlZS05NmQwLTQ0YjktODZhZi00NWZhOTgyMzM2NzYiLCJleHAiOjE3NzMxNDk2Mjl9.HU7v0wZWSrE5PD__lOtGs8FlmpU_HbFBK3wOJt1LRR0', 'token_type': 'bearer', 'user': {'client_id': '8ba6046d-7aa8-496a-b28a-37c366f101ae', 'client_name': 'Test Email Client', 'created_at': '2025-10-14T22:07:47.011955Z', 'credit_hours': 0.0, ...}}&quot;">backend/tests/test_meetings.py:33: in admin_token
    assert "token" in data, "No token in admin login response"
E   AssertionError: No token in admin login response
E   assert 'token' in {'access_token': 'eyJhbGciOiJIUzI1NiIsInR5cCI6IkpXVCJ9.eyJzdWIiOiI3NjJkNjdlZS05NmQwLTQ0YjktODZhZi00NWZhOTgyMzM2NzYiLCJleHAiOjE3NzMxNDk2Mjl9.HU7v0wZWSrE5PD__lOtGs8FlmpU_HbFBK3wOJt1LRR0', 'token_type': 'bearer', 'user': {'client_id': '8ba6046d-7aa8-496a-b28a-37c366f101ae', 'client_name': 'Test Email Client', 'created_at': '2025-10-14T22:07:47.011955Z', 'credit_hours': 0.0, ...}}</error></testcase><testcase classname="backend.tests.test_meetings.TestMeetingAPIs" name="test_delete_meeting_gestionnaire_forbidden" time="0.000"><error message="failed on setup with &quot;AssertionError: No token in gestionnaire login response&#10;assert 'token' in {'access_token': 'eyJhbGciOiJIUzI1NiIsInR5cCI6IkpXVCJ9.eyJzdWIiOiJkYjM0MmRiZC1jMGM2LTQ5NTUtOTVmMy00MzE1ZThmYjE0MmMiLCJleHAiOjE3NzMxNDk2Mjl9.t3t9Z8CzhkleG6a0pVKPpCtpLgqA4KQmr9f1PZq5IeI', 'token_type': 'bearer', 'user': {'client_id': '935fdd80-5ef1-4745-9809-4bd6d06b3c92', 'client_name': 'Zepartner', 'created_at': '2026-03-03T13:33:49.495356Z', 'credit_hours': 0.0, ...}}&quot;">backend/tests/test_meetings.py:45: in gestionnaire_token
    assert "token" in data, "No token in gestionnaire login response"
E   AssertionError: No token in gestionnaire login response
E   assert 'token' in {'access_token': 'eyJhbGciOiJIUzI1NiIsInR5cCI6IkpXVCJ9.eyJzdWIiOiJkYjM0MmRiZC1jMGM2LTQ5NTUtOTVmMy00MzE1ZThmYjE0MmMiLCJleHAiOjE3NzMxNDk2Mjl9.t3t9Z8CzhkleG6a0pVKPpCtpLgqA4KQmr9f1PZq5IeI', 'token_type': 'bearer', 'user': {'client_id': '935fdd80-5ef1-4745-9809-4bd6d06b3c92', 'client_name': 'Zepartner', 'created_at': '2026-03-03T13:33:49.495356Z', 'credit_hours': 0.0, ...}}</error></testcase><testcase classname="backend.tests.test_meetings.TestMeetingAPIs" name="test_delete_meeting_admin" time="0.000"><error message="failed on setup with &quot;AssertionError: No token in admin login response&#10;assert 'token' in {'access_token': 'eyJhbGciOiJIUzI1NiIsInR5cCI6IkpXVCJ9.eyJzdWIiOiI3NjJkNjdlZS05NmQwLTQ0YjktODZhZi00NWZhOTgyMzM2NzYiLCJleHAiOjE3NzMxNDk2Mjl9.HU7v0wZWSrE5PD__lOtGs8FlmpU_HbFBK3wOJt1LRR0', 'token_type': 'bearer', 'user': {'client_id': '8ba6046d-7aa8-496a-b28a-37c366f101ae', 'client_name': 'Test Email Client', 'created_at': '2025-10-14T22:07:47.011955Z', 'credit_hours': 0.0, ...}}&quot;">backend/tests/test_meetings.py:33: in admin_token
    assert "token" in data, "No token in admin login response"
E   AssertionError: No token in admin login response
E   assert 'token' in {'access_token': 'eyJhbGciOiJIUzI1NiIsInR5cCI6IkpXVCJ9.eyJzdWIiOiI3NjJkNjdlZS05NmQwLTQ0YjktODZhZi00NWZhOTgyMzM2NzYiLCJleHAiOjE3NzMxNDk2Mjl9.HU7v0wZWSrE5PD__lOtGs8FlmpU_HbFBK3wOJt1LRR0', 'token_type': 'bearer', 'user': {'client_id': '8ba6046d-7aa8-496a-b28a-37c366f101ae', 'client_name': 'Test Email Client', 'created_at': '2025-10-14T22:07:47.011955Z', 'credit_hours': 0.0, ...}}</error></testcase><testcase classname="backend.tests.test_meetings.TestMeetingAPIs" name="test_delete_nonexistent_meeting" time="0.000"><error message="failed on setup with &quot;AssertionError: No token in admin login response&#10;assert 'token' in {'access_token': 'eyJhbGciOiJIUzI1NiIsInR5cCI6IkpXVCJ9.eyJzdWIiOiI3NjJkNjdlZS05NmQwLTQ0YjktODZhZi00NWZhOTgyMzM2NzYiLCJleHAiOjE3NzMxNDk2Mjl9.HU7v0wZWSrE5PD__lOtGs8FlmpU_HbFBK3wOJt1LRR0', 'token_type': 'bearer', 'user': {'client_id': '8ba6046d-7aa8-496a-b28a-37c366f101ae', 'client_name': 'Test Email Client', 'created_at': '2025-10-14T22:07:47.011955Z', 'credit_hours': 0.0, ...}}&quot;">backend/tests/test_meetings.py:33: in admin_token
    assert "token" in data, "No token in admin login response"
E   AssertionError: No token in admin login response
E   assert 'token' in {'access_token': 'eyJhbGciOiJIUzI1NiIsInR5cCI6IkpXVCJ9.eyJzdWIiOiI3NjJkNjdlZS05NmQwLTQ0YjktODZhZi00NWZhOTgyMzM2NzYiLCJleHAiOjE3NzMxNDk2Mjl9.HU7v0wZWSrE5PD__lOtGs8FlmpU_HbFBK3wOJt1LRR0', 'token_type': 'bearer', 'user': {'client_id': '8ba6046d-7aa8-496a-b28a-37c366f101ae', 'client_name': 'Test Email Client', 'created_at': '2025-10-14T22:07:47.011955Z', 'credit_hours': 0.0, ...}}</error></testcase></testsuite></testsuites>